# JRE version: OpenJDK Runtime Environment (7.0_101) (build 1.7.0_101-b00)
# Java VM: OpenJDK 64-Bit Server VM (24.95-b01 mixed mode linux-amd64 compressed oops)
Heap
 PSYoungGen      total 448000K, used 305182K [0x00000007d7000000, 0x0000000800000000, 0x0000000800000000)
  eden space 224256K, 72% used [0x00000007d7000000,0x00000007e0dfa6f0,0x00000007e4b00000)
  from space 223744K, 64% used [0x00000007e4b00000,0x00000007ed70d490,0x00000007f2580000)
  to   space 223744K, 0% used [0x00000007f2580000,0x00000007f2580000,0x0000000800000000)
 ParOldGen       total 1222144K, used 1041615K [0x0000000785000000, 0x00000007cf980000, 0x00000007d7000000)
  object space 1222144K, 85% used [0x0000000785000000,0x00000007c4933e48,0x00000007cf980000)
 PSPermGen       total 24576K, used 19961K [0x000000077aa00000, 0x000000077c200000, 0x0000000785000000)
  object space 24576K, 81% used [0x000000077aa00000,0x000000077bd7e7d0,0x000000077c200000)
GC Heap History (10 events):
Event: 117.414 GC heap before
{Heap before GC invocations=118 (full 15):
 PSYoungGen      total 448000K, used 272577K [0x00000007d7000000, 0x0000000800000000, 0x0000000800000000)
  eden space 224256K, 100% used [0x00000007d7000000,0x00000007e4b00000,0x00000007e4b00000)
  from space 223744K, 21% used [0x00000007f2580000,0x00000007f54b0460,0x0000000800000000)
  to   space 223744K, 0% used [0x00000007e4b00000,0x00000007e4b00000,0x00000007f2580000)
 ParOldGen       total 1222144K, used 746763K [0x0000000785000000, 0x00000007cf980000, 0x00000007d7000000)
  object space 1222144K, 61% used [0x0000000785000000,0x00000007b2942ce8,0x00000007cf980000)
 PSPermGen       total 24576K, used 19956K [0x000000077aa00000, 0x000000077c200000, 0x0000000785000000)
  object space 24576K, 81% used [0x000000077aa00000,0x000000077bd7d230,0x000000077c200000)
Event: 117.456 GC heap after
Heap after GC invocations=118 (full 15):
 PSYoungGen      total 448000K, used 52189K [0x00000007d7000000, 0x0000000800000000, 0x0000000800000000)
  eden space 224256K, 0% used [0x00000007d7000000,0x00000007d7000000,0x00000007e4b00000)
  from space 223744K, 23% used [0x00000007e4b00000,0x00000007e7df7660,0x00000007f2580000)
  to   space 223744K, 0% used [0x00000007f2580000,0x00000007f2580000,0x0000000800000000)
 ParOldGen       total 1222144K, used 789856K [0x0000000785000000, 0x00000007cf980000, 0x00000007d7000000)
  object space 1222144K, 64% used [0x0000000785000000,0x00000007b5358148,0x00000007cf980000)
 PSPermGen       total 24576K, used 19956K [0x000000077aa00000, 0x000000077c200000, 0x0000000785000000)
  object space 24576K, 81% used [0x000000077aa00000,0x000000077bd7d230,0x000000077c200000)
}
Event: 118.320 GC heap before
{Heap before GC invocations=119 (full 15):
 PSYoungGen      total 448000K, used 269491K [0x00000007d7000000, 0x0000000800000000, 0x0000000800000000)
  eden space 224256K, 96% used [0x00000007d7000000,0x00000007e4435908,0x00000007e4b00000)
  from space 223744K, 23% used [0x00000007e4b00000,0x00000007e7df7660,0x00000007f2580000)
  to   space 223744K, 0% used [0x00000007f2580000,0x00000007f2580000,0x0000000800000000)
 ParOldGen       total 1222144K, used 789856K [0x0000000785000000, 0x00000007cf980000, 0x00000007d7000000)
  object space 1222144K, 64% used [0x0000000785000000,0x00000007b5358148,0x00000007cf980000)
 PSPermGen       total 24576K, used 19957K [0x000000077aa00000, 0x000000077c200000, 0x0000000785000000)
  object space 24576K, 81% used [0x000000077aa00000,0x000000077bd7d490,0x000000077c200000)
Event: 118.411 GC heap after
Heap after GC invocations=119 (full 15):
 PSYoungGen      total 448000K, used 149791K [0x00000007d7000000, 0x0000000800000000, 0x0000000800000000)
  eden space 224256K, 0% used [0x00000007d7000000,0x00000007d7000000,0x00000007e4b00000)
  from space 223744K, 66% used [0x00000007f2580000,0x00000007fb7c7e78,0x0000000800000000)
  to   space 223744K, 0% used [0x00000007e4b00000,0x00000007e4b00000,0x00000007f2580000)
 ParOldGen       total 1222144K, used 829557K [0x0000000785000000, 0x00000007cf980000, 0x00000007d7000000)
  object space 1222144K, 67% used [0x0000000785000000,0x00000007b7a1d798,0x00000007cf980000)
 PSPermGen       total 24576K, used 19957K [0x000000077aa00000, 0x000000077c200000, 0x0000000785000000)
  object space 24576K, 81% used [0x000000077aa00000,0x000000077bd7d490,0x000000077c200000)
}
Event: 119.668 GC heap before
{Heap before GC invocations=120 (full 15):
 PSYoungGen      total 448000K, used 374047K [0x00000007d7000000, 0x0000000800000000, 0x0000000800000000)
  eden space 224256K, 100% used [0x00000007d7000000,0x00000007e4b00000,0x00000007e4b00000)
  from space 223744K, 66% used [0x00000007f2580000,0x00000007fb7c7e78,0x0000000800000000)
  to   space 223744K, 0% used [0x00000007e4b00000,0x00000007e4b00000,0x00000007f2580000)
 ParOldGen       total 1222144K, used 829557K [0x0000000785000000, 0x00000007cf980000, 0x00000007d7000000)
  object space 1222144K, 67% used [0x0000000785000000,0x00000007b7a1d798,0x00000007cf980000)
 PSPermGen       total 24576K, used 19958K [0x000000077aa00000, 0x000000077c200000, 0x0000000785000000)
  object space 24576K, 81% used [0x000000077aa00000,0x000000077bd7d9f0,0x000000077c200000)
Event: 119.723 GC heap after
Heap after GC invocations=120 (full 15):
 PSYoungGen      total 448000K, used 87900K [0x00000007d7000000, 0x0000000800000000, 0x0000000800000000)
  eden space 224256K, 0% used [0x00000007d7000000,0x00000007d7000000,0x00000007e4b00000)
  from space 223744K, 39% used [0x00000007e4b00000,0x00000007ea0d71c8,0x00000007f2580000)
  to   space 223744K, 0% used [0x00000007f2580000,0x00000007f2580000,0x0000000800000000)
 ParOldGen       total 1222144K, used 875681K [0x0000000785000000, 0x00000007cf980000, 0x00000007d7000000)
  object space 1222144K, 71% used [0x0000000785000000,0x00000007ba728498,0x00000007cf980000)
 PSPermGen       total 24576K, used 19958K [0x000000077aa00000, 0x000000077c200000, 0x0000000785000000)
  object space 24576K, 81% used [0x000000077aa00000,0x000000077bd7d9f0,0x000000077c200000)
}
Event: 120.920 GC heap before
{Heap before GC invocations=121 (full 15):
 PSYoungGen      total 448000K, used 304954K [0x00000007d7000000, 0x0000000800000000, 0x0000000800000000)
  eden space 224256K, 96% used [0x00000007d7000000,0x00000007e43f76e0,0x00000007e4b00000)
  from space 223744K, 39% used [0x00000007e4b00000,0x00000007ea0d71c8,0x00000007f2580000)
  to   space 223744K, 0% used [0x00000007f2580000,0x00000007f2580000,0x0000000800000000)
 ParOldGen       total 1222144K, used 875681K [0x0000000785000000, 0x00000007cf980000, 0x00000007d7000000)
  object space 1222144K, 71% used [0x0000000785000000,0x00000007ba728498,0x00000007cf980000)
 PSPermGen       total 24576K, used 19959K [0x000000077aa00000, 0x000000077c200000, 0x0000000785000000)
  object space 24576K, 81% used [0x000000077aa00000,0x000000077bd7dc20,0x000000077c200000)
Event: 121.017 GC heap after
Heap after GC invocations=121 (full 15):
 PSYoungGen      total 448000K, used 167322K [0x00000007d7000000, 0x0000000800000000, 0x0000000800000000)
  eden space 224256K, 0% used [0x00000007d7000000,0x00000007d7000000,0x00000007e4b00000)
  from space 223744K, 74% used [0x00000007f2580000,0x00000007fc8e6850,0x0000000800000000)
  to   space 223744K, 0% used [0x00000007e4b00000,0x00000007e4b00000,0x00000007f2580000)
 ParOldGen       total 1222144K, used 935221K [0x0000000785000000, 0x00000007cf980000, 0x00000007d7000000)
  object space 1222144K, 76% used [0x0000000785000000,0x00000007be14d610,0x00000007cf980000)
 PSPermGen       total 24576K, used 19959K [0x000000077aa00000, 0x000000077c200000, 0x0000000785000000)
  object space 24576K, 81% used [0x000000077aa00000,0x000000077bd7dc20,0x000000077c200000)
}
Event: 121.952 GC heap before
{Heap before GC invocations=122 (full 15):
 PSYoungGen      total 448000K, used 391558K [0x00000007d7000000, 0x0000000800000000, 0x0000000800000000)
  eden space 224256K, 99% used [0x00000007d7000000,0x00000007e4afb300,0x00000007e4b00000)
  from space 223744K, 74% used [0x00000007f2580000,0x00000007fc8e6850,0x0000000800000000)
  to   space 223744K, 0% used [0x00000007e4b00000,0x00000007e4b00000,0x00000007f2580000)
 ParOldGen       total 1222144K, used 935221K [0x0000000785000000, 0x00000007cf980000, 0x00000007d7000000)
  object space 1222144K, 76% used [0x0000000785000000,0x00000007be14d610,0x00000007cf980000)
 PSPermGen       total 24576K, used 19959K [0x000000077aa00000, 0x000000077c200000, 0x0000000785000000)
  object space 24576K, 81% used [0x000000077aa00000,0x000000077bd7de60,0x000000077c200000)
Event: 122.052 GC heap after
Heap after GC invocations=122 (full 15):
 PSYoungGen      total 448000K, used 143413K [0x00000007d7000000, 0x0000000800000000, 0x0000000800000000)
  eden space 224256K, 0% used [0x00000007d7000000,0x00000007d7000000,0x00000007e4b00000)
  from space 223744K, 64% used [0x00000007e4b00000,0x00000007ed70d490,0x00000007f2580000)
  to   space 223744K, 0% used [0x00000007f2580000,0x00000007f2580000,0x0000000800000000)
 ParOldGen       total 1222144K, used 1041615K [0x0000000785000000, 0x00000007cf980000, 0x00000007d7000000)
  object space 1222144K, 85% used [0x0000000785000000,0x00000007c4933e48,0x00000007cf980000)
 PSPermGen       total 24576K, used 19959K [0x000000077aa00000, 0x000000077c200000, 0x0000000785000000)
  object space 24576K, 81% used [0x000000077aa00000,0x000000077bd7de60,0x000000077c200000)
}

